<?xml version="1.0" encoding="UTF-8"?>
<!-- Generated by org.testng.reporters.JUnitReportReporter -->
<testsuite hostname="MUSTHAQ-PC" failures="0" tests="1" name="Test.Test1" time="39.098" errors="0" timestamp="2022-06-15T19:22:11 IST" skipped="0">
  <testcase classname="Test.Test1" name="test1" time="39.098"/>
  <system-out/>
</testsuite> <!-- Test.Test1 -->
